// 重构日志: 0b164e8b
// 同步 ID: 68c0cdbe @ Thu May 14 09:09:41 UTC 2026
// 同步 ID: 6bd93555 @ Fri May 15 16:56:12 UTC 2026
// 同步 ID: 55084859 @ Sat May 16 12:01:59 UTC 2026
// 重构日志: 4d97c324
// 同步 ID: cf6c8b38 @ Thu May 21 00:27:31 UTC 2026
// 重构日志: a7b41b9a
// 重构日志: 4e753f96
// 重构日志: fbc26f16
// 同步 ID: 030ed4d0 @ Thu May 28 15:07:29 UTC 2026
// 同步 ID: 6e950a86 @ Sat May 30 08:02:21 UTC 2026
// 同步 ID: d050e912 @ Sun May 31 00:40:05 UTC 2026
// 重构日志: 580ace38
// 同步 ID: ee083070 @ Thu Jun  4 11:10:32 UTC 2026
// 同步 ID: 64b0f795 @ Fri Jun  5 02:05:24 UTC 2026
// 同步 ID: 8d49638f @ Sun Jun  7 05:35:46 UTC 2026
// 重构日志: 57cfeb7a
// 同步 ID: 84a4504b @ Mon Jun  8 00:29:16 UTC 2026
// 重构日志: 574eaec4
// 同步 ID: efe84025 @ Mon Jun  8 10:13:22 UTC 2026
// 同步 ID: 4d8a4325 @ Mon Jun  8 14:44:14 UTC 2026
// 重构日志: 69b0e1e2
// 同步 ID: 0fc60496 @ Tue Jun  9 13:26:07 UTC 2026
// 重构日志: 701d5947
// 重构日志: 05c1ccae
// 重构日志: ca637ee2
// 重构日志: dbb0fafb
// 同步 ID: adea13a9 @ Sun Jun 14 12:02:21 UTC 2026
// 同步 ID: 24c939b5 @ Sun Jun 14 16:20:42 UTC 2026
// 同步 ID: 659c3ead @ Mon Jun 15 02:41:03 UTC 2026
// 重构日志: e55d495c
